[debug] [2021-11-14T13:49:51.934Z] ----------------------------------------------------------------------
[debug] [2021-11-14T13:49:51.940Z] Command:       C:\Program Files\nodejs\node.exe C:\Users\ayoub\AppData\Roaming\npm\node_modules\firebase-tools\lib\bin\firebase.js init
[debug] [2021-11-14T13:49:51.941Z] CLI Version:   9.11.0
[debug] [2021-11-14T13:49:51.941Z] Platform:      win32
[debug] [2021-11-14T13:49:51.941Z] Node Version:  v14.16.0
[debug] [2021-11-14T13:49:51.943Z] Time:          Sun Nov 14 2021 14:49:51 GMT+0100 (GMT+01:00)
[debug] [2021-11-14T13:49:51.944Z] ----------------------------------------------------------------------
[debug] 
[debug] [2021-11-14T13:49:51.962Z] > command requires scopes: ["email","openid","https://www.googleapis.com/auth/cloudplatformprojects.readonly","https://www.googleapis.com/auth/firebase","https://www.googleapis.com/auth/cloud-platform"]
[debug] [2021-11-14T13:49:51.962Z] > authorizing via signed-in user (ayoubzaanouni9@gmail.com)
[info] 
     ######## #### ########  ######## ########     ###     ######  ########
     ##        ##  ##     ## ##       ##     ##  ##   ##  ##       ##
     ######    ##  ########  ######   ########  #########  ######  ######
     ##        ##  ##    ##  ##       ##     ## ##     ##       ## ##
     ##       #### ##     ## ######## ########  ##     ##  ######  ########

You're about to initialize a Firebase project in this directory:

  C:\Users\ayoub\react-app\amazon clone\amazon-clone

Before we get started, keep in mind:

  * You are initializing in an existing Firebase project directory

[info] 
=== Project Setup
[info] 
[info] First, let's associate this project directory with a Firebase project.
[info] You can create multiple project aliases by running firebase use --add, 
[info] but for now we'll just set up a default project.
[info] 
[info] i  .firebaserc already has a default project, using clone-f2119. 
[debug] [2021-11-14T13:50:07.564Z] > refreshing access token with scopes: []
[debug] [2021-11-14T13:50:07.565Z] >>> HTTP REQUEST POST https://www.googleapis.com/oauth2/v3/token  
 <request body omitted>
[debug] [2021-11-14T13:50:08.379Z] <<< HTTP RESPONSE 400 {"cache-control":"no-cache, no-store, max-age=0, must-revalidate","date":"Sun, 14 Nov 2021 13:50:09 GMT","expires":"Mon, 01 Jan 1990 00:00:00 GMT","pragma":"no-cache","content-type":"application/json; charset=utf-8","vary":"X-Origin, Referer, Origin,Accept-Encoding","server":"scaffolding on HTTPServer2","x-xss-protection":"0","x-frame-options":"SAMEORIGIN","x-content-type-options":"nosniff","alt-svc":"clear","accept-ranges":"none","transfer-encoding":"chunked"}
[debug] [2021-11-14T13:50:08.384Z] >>> [apiv2][query] GET https://firebase.googleapis.com/v1beta1/projects/clone-f2119 [none]
[debug] [2021-11-14T13:50:08.717Z] <<< [apiv2][status] GET https://firebase.googleapis.com/v1beta1/projects/clone-f2119 401
[debug] [2021-11-14T13:50:08.718Z] <<< [apiv2][body] GET https://firebase.googleapis.com/v1beta1/projects/clone-f2119 {"error":{"code":401,"message":"Request had invalid authentication credentials. Expected OAuth 2 access token, login cookie or other valid authentication credential. See https://developers.google.com/identity/sign-in/web/devconsole-project.","status":"UNAUTHENTICATED"}}
[debug] [2021-11-14T13:50:08.719Z] HTTP Error: 401, Request had invalid authentication credentials. Expected OAuth 2 access token, login cookie or other valid authentication credential. See https://developers.google.com/identity/sign-in/web/devconsole-project.
[debug] [2021-11-14T13:50:08.979Z] FirebaseError: HTTP Error: 401, Request had invalid authentication credentials. Expected OAuth 2 access token, login cookie or other valid authentication credential. See https://developers.google.com/identity/sign-in/web/devconsole-project.
    at module.exports (C:\Users\ayoub\AppData\Roaming\npm\node_modules\firebase-tools\lib\responseToError.js:38:12)
    at Client.doRequest (C:\Users\ayoub\AppData\Roaming\npm\node_modules\firebase-tools\lib\apiv2.js:238:23)
    at processTicksAndRejections (internal/process/task_queues.js:93:5)
    at async Client.request (C:\Users\ayoub\AppData\Roaming\npm\node_modules\firebase-tools\lib\apiv2.js:96:20)
    at async Object.getFirebaseProject (C:\Users\ayoub\AppData\Roaming\npm\node_modules\firebase-tools\lib\management\projects.js:290:21)
    at async Object.doSetup [as project] (C:\Users\ayoub\AppData\Roaming\npm\node_modules\firebase-tools\lib\init\features\project.js:77:27)
    at async init (C:\Users\ayoub\AppData\Roaming\npm\node_modules\firebase-tools\lib\init\index.js:19:9)
[error] 
[error] Error: Failed to get Firebase project clone-f2119. Please make sure the project exists and your account has permission to access it.
